<component name="libraryTable">
  <library name="JUnit4">
    <CLASSES>
      <root url="jar://$PROJECT_DIR$/lib/hamcrest-core-1.3.jar!/" />
      <root url="jar://$PROJECT_DIR$/lib/junit-4.11.jar!/" />
    </CLASSES>
    <JAVADOC />
    <SOURCES>
      <root url="jar://$PROJECT_DIR$/lib/src/junit-4.11-src.jar!/" />
    </SOURCES>
  </library>
</component>